GET	/services	200
POST	/products/category/clothing	200
GET	/register	200
GET	/services	200
PUT	/	403
GET	/search?sort=price_desc&page=2	200
DELETE	/	301
POST	/register	404
GET	/login	404
GET	/api/users	403
GET	/api/users	404
DELETE	/products/category/clothing?sort=price_desc	304
POST	/search	404
DELETE	/home?q=search+term&page=2	403
DELETE	/cart	302
PUT	/checkout?page=2&category=electronics	404
GET	/about?page=2	200
POST	/products	403
DELETE	/products/category/electronics	200
POST	/products/category/electronics	400
GET	/?category=electronics&sort=price_desc&page=2	403
GET	/register	400
DELETE	/blog	403
GET	/contact	404
GET	/search	403
GET	/cart	304
GET	/home	302
PUT	/services	500
GET	/contact	302
PUT	/blog	200
DELETE	/products/category/clothing	200
DELETE	/home	500
GET	/home?category=electronics&page=2&sort=price_desc	304
PUT	/products?page=2&sort=price_desc	200
GET	/blog?page=2	500
POST	/products/category/electronics?category=electronics	403
DELETE	/products	500
DELETE	/products/category/clothing	400
GET	/api/users?sort=price_desc&page=2	200
GET	/blog	302
GET	/services	200
GET	/	200
GET	/	304
DELETE	/products/category/electronics?page=2	302
POST	/search	404
DELETE	/register	200
PUT	/login?sort=price_desc&page=2&q=search+term	304
GET	/home	301
GET	/products	200
PUT	/search?category=electronics	302
PUT	/about	500
GET	/services?sort=price_desc&page=2&limit=20	200
POST	/products?page=2&category=electronics&sort=price_desc	301
POST	/login?q=search+term&category=electronics	200
PUT	/api/users	302
DELETE	/products/category/electronics?page=2&category=electronics&sort=price_desc	302
POST	/products/category/clothing	200
GET	/login	302
GET	/	403
GET	/blog	200
GET	/	304
DELETE	/api/users	200
GET	/	403
GET	/about	304
PUT	/home	302
DELETE	/cart	304
POST	/checkout	200
POST	/blog?category=electronics&q=search+term	200
GET	/api/users	304
GET	/blog	200
POST	/register	200
POST	/products	200
GET	/checkout	400
GET	/contact	304
GET	/login	200
GET	/services?category=electronics&sort=price_desc&q=search+term	404
GET	/checkout	403
PUT	/products	500
PUT	/search?sort=price_desc&category=electronics	200
POST	/products/category/electronics	301
GET	/cart	304
GET	/products/category/clothing?page=2&limit=20&q=search+term	200
DELETE	/home	404
GET	/home	304
POST	/products?page=2	200
GET	/contact	200
DELETE	/products?sort=price_desc	200
POST	/home?category=electronics&sort=price_desc	200
GET	/contact?page=2	403
POST	/home?page=2&category=electronics&q=search+term	500
GET	/products/category/electronics	403
GET	/blog?category=electronics&page=2&q=search+term	301
PUT	/about?page=2&category=electronics&limit=20	500
POST	/services	302
GET	/home	304
PUT	/login	500
GET	/products?page=2&limit=20	302
POST	/api/users	404
PUT	/login?page=2&category=electronics&sort=price_desc	400
POST	/products	200
DELETE	/cart?sort=price_desc	302
GET	/search	200
PUT	/products/category/electronics?page=2&sort=price_desc	200
GET	/about	200
DELETE	/services	200
POST	/services	301
POST	/services?q=search+term&sort=price_desc	403
DELETE	/products/category/clothing	304
GET	/register	200
GET	/cart	404
GET	/products/category/electronics	200
POST	/cart	500
POST	/products/category/clothing	301
DELETE	/blog	302
DELETE	/register	304
GET	/products	302
PUT	/products/category/clothing	304
GET	/about?sort=price_desc&page=2	304
DELETE	/services?category=electronics	200
GET	/contact?page=2&sort=price_desc	302
GET	/home	304
DELETE	/cart	200
DELETE	/api/users?category=electronics&page=2&sort=price_desc	500
PUT	/login	200
GET	/checkout?category=electronics	200
POST	/login	403
GET	/contact	404
DELETE	/search?sort=price_desc	400
GET	/products/category/electronics?page=2&sort=price_desc	200
GET	/products/category/clothing	302
PUT	/blog?category=electronics&sort=price_desc&limit=20	400
POST	/search	404
DELETE	/contact?sort=price_desc	301
GET	/checkout?q=search+term&category=electronics	200
GET	/blog	200
POST	/	200
DELETE	/blog	400
GET	/?sort=price_desc&page=2&q=search+term	403
GET	/products/category/clothing?page=2&sort=price_desc	302
GET	/products/category/clothing	403
GET	/blog	200
PUT	/contact?sort=price_desc	403
POST	/products/category/electronics	200
PUT	/home?page=2&category=electronics	403
POST	/?page=2&limit=20	301
GET	/home	200
GET	/register	301
DELETE	/services?limit=20	200
PUT	/register	404
PUT	/login?q=search+term&page=2&sort=price_desc	301
GET	/contact?sort=price_desc	500
PUT	/about	403
DELETE	/search	400
GET	/checkout	304
GET	/products	304
POST	/products/category/electronics?page=2	200
DELETE	/checkout	403
DELETE	/about	302
GET	/cart?sort=price_desc	301
GET	/blog	200
PUT	/about?page=2	304
GET	/login	302
GET	/about	302
POST	/blog?category=electronics	404
DELETE	/products	304
GET	/contact?sort=price_desc&page=2	500
GET	/	200
POST	/register	400
POST	/services?page=2&sort=price_desc&category=electronics	200
GET	/checkout?sort=price_desc&category=electronics	200
PUT	/products?page=2	400
GET	/contact	200
PUT	/home?sort=price_desc&category=electronics&q=search+term	302
POST	/blog?sort=price_desc	304
DELETE	/contact	302
GET	/register	304
GET	/login	302
DELETE	/products/category/clothing?category=electronics&sort=price_desc&q=search+term	500
POST	/products/category/electronics	301
POST	/products	404
GET	/api/users	301
GET	/products/category/electronics	302
PUT	/blog	302
GET	/services	301
GET	/contact?page=2	301
DELETE	/cart	200
POST	/products/category/clothing	200
PUT	/products/category/electronics	403
DELETE	/blog?category=electronics	403
GET	/products/category/electronics	200
GET	/blog	304
PUT	/products	200
PUT	/services	200
PUT	/search	200
DELETE	/products/category/electronics?sort=price_desc	304
GET	/contact?limit=20&q=search+term&category=electronics	403
POST	/	301
GET	/services	200
POST	/cart	200
POST	/login	500
GET	/login	200
GET	/services	200
POST	/cart	304
POST	/login?page=2&q=search+term&category=electronics	200
GET	/products	200
GET	/products/category/clothing	200
GET	/checkout	400
POST	/api/users	404
PUT	/products?sort=price_desc&category=electronics&page=2	301
GET	/blog	403
GET	/contact	500
PUT	/api/users?limit=20&category=electronics	200
GET	/products/category/clothing	302
GET	/api/users	301
GET	/services?category=electronics&sort=price_desc	404
GET	/contact	304
PUT	/login	200
GET	/products	404
PUT	/	304
GET	/products/category/electronics	302
POST	/cart	301
GET	/products?q=search+term	404
GET	/checkout	200
GET	/products/category/electronics	200
DELETE	/home	400
GET	/blog?sort=price_desc	200
PUT	/api/users	200
PUT	/contact	302
PUT	/blog?sort=price_desc&category=electronics	400
DELETE	/blog	304
PUT	/cart	302
PUT	/register	404
DELETE	/products/category/clothing?sort=price_desc&page=2&category=electronics	403
GET	/contact	304
GET	/about	304
PUT	/contact	200
GET	/api/users	400
PUT	/api/users	400
POST	/login	200
GET	/login?category=electronics	500
DELETE	/about	200
DELETE	/checkout?category=electronics	304
POST	/services?page=2&sort=price_desc	403
DELETE	/	301
GET	/blog	200
GET	/register?page=2&category=electronics&q=search+term	400
POST	/register?page=2&sort=price_desc	302
POST	/login	200
GET	/	403
POST	/products	304
GET	/home?category=electronics&q=search+term&limit=20	304
POST	/products/category/electronics	301
GET	/products	200
POST	/login?page=2	200
POST	/services?sort=price_desc&page=2&limit=20	304
GET	/login?category=electronics	403
GET	/login?category=electronics&q=search+term	200
GET	/blog	200
DELETE	/services?q=search+term	200
DELETE	/products/category/clothing	304
GET	/about	301
GET	/about	200
GET	/api/users?page=2&limit=20&q=search+term	403
PUT	/home?sort=price_desc	200
DELETE	/checkout?q=search+term&page=2&sort=price_desc	302
GET	/products?category=electronics&sort=price_desc	403
PUT	/	302
GET	/contact	301
DELETE	/register	304
GET	/products/category/electronics	500
GET	/checkout	500
GET	/blog?sort=price_desc&page=2&limit=20	200
PUT	/register	200
GET	/services?page=2	500
GET	/home	500
POST	/contact	200
PUT	/products/category/electronics	500
GET	/login	200
GET	/?category=electronics	301
POST	/products/category/electronics	200
GET	/search	301
GET	/about	302
GET	/blog	304
DELETE	/checkout	404
POST	/search?sort=price_desc	404
PUT	/cart	200
GET	/about	200
GET	/home?sort=price_desc	500
GET	/register	200
POST	/home	302
GET	/services	400
GET	/api/users?category=electronics	400
PUT	/search	200
GET	/cart	400
GET	/	304
GET	/cart?page=2	404
GET	/home	200
GET	/about	500
DELETE	/products	200
DELETE	/search?sort=price_desc	500
GET	/checkout?sort=price_desc	200
POST	/home?page=2&sort=price_desc	404
GET	/services	302
DELETE	/products	200
POST	/search	200
DELETE	/cart?page=2	403
GET	/	400
DELETE	/services	200
GET	/about	200
GET	/api/users	404
GET	/cart?category=electronics	304
GET	/checkout?page=2	304
GET	/products/category/electronics	200
POST	/about	302
PUT	/services	301
PUT	/home	302
PUT	/login	302
GET	/products/category/clothing?page=2&category=electronics&sort=price_desc	301
POST	/services	200
GET	/services	302
GET	/cart?page=2&q=search+term&category=electronics	302
POST	/	400
PUT	/search	301
DELETE	/register?page=2&sort=price_desc	200
DELETE	/api/users	302
PUT	/products/category/electronics	400
GET	/contact	200
PUT	/api/users	400
GET	/login	302
GET	/home	200
GET	/products	200
POST	/search	302
GET	/products/category/clothing	200
GET	/about	200
PUT	/register	304
PUT	/home	404
GET	/api/users	200
GET	/products/category/electronics	302
POST	/products	304
DELETE	/products?sort=price_desc	400
GET	/products/category/clothing?limit=20&sort=price_desc	400
GET	/checkout	403
GET	/checkout	500
DELETE	/	200
PUT	/?sort=price_desc&category=electronics	200
PUT	/search?sort=price_desc&page=2&category=electronics	200
GET	/products?sort=price_desc	200
GET	/products/category/clothing	200
POST	/home	301
DELETE	/home	404
GET	/products/category/electronics	200
POST	/products/category/electronics	200
GET	/products/category/electronics	302
GET	/contact?limit=20&page=2&category=electronics	304
DELETE	/search	304
DELETE	/contact?category=electronics&page=2&sort=price_desc	403
GET	/contact	200
POST	/	200
DELETE	/	200
GET	/search?sort=price_desc&q=search+term	500
POST	/products/category/clothing?page=2	200
GET	/login	404
DELETE	/about?sort=price_desc	403
GET	/login?limit=20	301
GET	/api/users?sort=price_desc	500
POST	/products	302
POST	/contact	500
GET	/cart	301
POST	/register	200
GET	/	200
GET	/about	301
GET	/home	302
GET	/contact	302
GET	/api/users?sort=price_desc	304
GET	/services?q=search+term&sort=price_desc	302
PUT	/blog	302
GET	/contact?q=search+term	404
PUT	/	200
GET	/api/users	200
POST	/products/category/clothing	400
GET	/services	200
POST	/products/category/electronics	400
GET	/	302
GET	/home	200
DELETE	/services?page=2&sort=price_desc&category=electronics	500
PUT	/checkout	200
PUT	/home?limit=20&sort=price_desc&page=2	200
DELETE	/home	200
GET	/home?sort=price_desc	400
GET	/register?sort=price_desc	404
POST	/cart	302
GET	/login	200
GET	/login?category=electronics&limit=20&sort=price_desc	404
POST	/products/category/clothing	400
GET	/api/users	304
POST	/cart	403
DELETE	/	403
PUT	/?sort=price_desc&page=2&category=electronics	500
GET	/search	400
POST	/blog	404
DELETE	/contact	301
GET	/cart?sort=price_desc&page=2	403
GET	/products	302
DELETE	/about?q=search+term&page=2	500
GET	/products/category/clothing	400
GET	/products/category/clothing	200
GET	/	200
PUT	/products/category/clothing	400
GET	/login?page=2	200
GET	/services	500
GET	/contact	304
GET	/cart?category=electronics&page=2	200
POST	/products/category/clothing	304
GET	/checkout	400
PUT	/products?sort=price_desc&category=electronics	400
GET	/products	304
GET	/services	500
GET	/services?limit=20	200
GET	/contact	200
GET	/login	304
DELETE	/cart	200
DELETE	/contact?sort=price_desc	400
DELETE	/cart	200
GET	/blog?page=2	404
GET	/home?category=electronics	400
PUT	/products?sort=price_desc&page=2	500
POST	/checkout?page=2	302
DELETE	/	404
PUT	/login?limit=20&q=search+term&page=2	403
GET	/register	500
GET	/contact?page=2&category=electronics	404
GET	/checkout	304
GET	/products/category/clothing	301
GET	/checkout?category=electronics&sort=price_desc	500
GET	/about	403
PUT	/cart	302
GET	/search	400
POST	/contact?page=2&q=search+term	301
PUT	/register	500
PUT	/register?category=electronics&sort=price_desc	302
DELETE	/products	403
DELETE	/about	404
GET	/register	500
DELETE	/	200
POST	/products/category/clothing	200
GET	/products?page=2	304
GET	/	404
GET	/products/category/clothing	403
PUT	/register	500
POST	/products	301
POST	/api/users	200
GET	/products/category/electronics	200
GET	/checkout	304
PUT	/login	404
POST	/search	304
DELETE	/login	302
PUT	/home	304
GET	/about	200
GET	/register	301
POST	/products	301
DELETE	/login?sort=price_desc&q=search+term	200
PUT	/register?page=2	200
GET	/cart	500
PUT	/home	200
DELETE	/home	500
PUT	/cart?category=electronics	403
PUT	/services	304
POST	/contact	400
DELETE	/	304
PUT	/products/category/clothing	400
GET	/register?page=2&sort=price_desc&category=electronics	200
GET	/contact	403
GET	/search	404
GET	/blog	304
GET	/api/users?category=electronics&page=2	500
PUT	/products/category/electronics?page=2&sort=price_desc&category=electronics	404
GET	/api/users	200
POST	/about	400
GET	/contact?page=2&sort=price_desc	301
GET	/cart	301
GET	/	400
GET	/register?category=electronics	403
GET	/?page=2&sort=price_desc&category=electronics	404
GET	/register?page=2&category=electronics	302
DELETE	/contact	200
GET	/products/category/electronics	301
PUT	/login	302
GET	/api/users?page=2	500
PUT	/login?page=2&sort=price_desc&category=electronics	200
GET	/blog	200
DELETE	/about	304
GET	/products/category/electronics	500
POST	/	500
PUT	/services	304
GET	/login	500
PUT	/login	404
POST	/about	400
PUT	/checkout?category=electronics	404
GET	/products/category/electronics?page=2&sort=price_desc	500
GET	/products/category/clothing?sort=price_desc&q=search+term	301
PUT	/products/category/electronics	302
GET	/contact	302
PUT	/checkout	403
GET	/register?page=2	301
DELETE	/about?sort=price_desc&page=2	304
GET	/checkout?category=electronics&page=2&sort=price_desc	200
GET	/products/category/electronics?limit=20&q=search+term	200
GET	/home?category=electronics	403
DELETE	/home	302
GET	/contact	404
GET	/contact	302
POST	/checkout	400
GET	/api/users	304
GET	/checkout	404
POST	/blog	500
POST	/api/users	403
DELETE	/services	500
GET	/login	403
GET	/cart?category=electronics	302
DELETE	/products?page=2	200
GET	/blog	404
GET	/login	200
PUT	/api/users	302
PUT	/login	500
PUT	/contact	500
PUT	/checkout	404
DELETE	/search	304
GET	/products/category/clothing	302
GET	/checkout	304
POST	/register	200
GET	/products/category/electronics?category=electronics	200
POST	/login	500
GET	/search	200
GET	/about	500
DELETE	/login	304
DELETE	/about	400
DELETE	/	404
GET	/about	304
GET	/checkout	400
PUT	/register	404
GET	/products/category/clothing	400
GET	/products/category/electronics	302
POST	/	302
PUT	/products?sort=price_desc&page=2&q=search+term	200
GET	/register	200
GET	/cart	404
GET	/search	304
DELETE	/services	200
GET	/register	404
POST	/search?page=2	200
POST	/login	200
POST	/about	200
DELETE	/home	404
GET	/cart	302
GET	/?sort=price_desc&page=2&category=electronics	403
POST	/api/users	200
DELETE	/products/category/clothing?sort=price_desc&page=2	200
DELETE	/checkout	404
GET	/products/category/electronics	404
DELETE	/register	404
GET	/products/category/clothing?page=2	301
POST	/services	403
DELETE	/checkout?page=2&sort=price_desc&q=search+term	302
GET	/search	404
GET	/	304
DELETE	/products/category/electronics	400
PUT	/products/category/electronics	200
PUT	/contact	500
GET	/products/category/electronics	200
GET	/products/category/clothing	500
PUT	/api/users	302
GET	/home?page=2&category=electronics	304
PUT	/?sort=price_desc	404
POST	/products	304
GET	/contact	301
PUT	/products/category/clothing	200
GET	/home?category=electronics&sort=price_desc	400
GET	/register	400
GET	/products/category/electronics?page=2	304
GET	/search?category=electronics&q=search+term	304
PUT	/products/category/clothing?page=2&q=search+term	200
GET	/?sort=price_desc	200
GET	/search	302
POST	/checkout	302
GET	/cart	302
GET	/search	200
POST	/products	403
DELETE	/api/users	500
GET	/home	500
PUT	/	304
GET	/search	200
GET	/api/users	404
GET	/products/category/electronics	301
DELETE	/cart	200
GET	/api/users	200
POST	/products/category/clothing	400
GET	/search?sort=price_desc&q=search+term&page=2	404
GET	/blog?page=2&q=search+term&category=electronics	200
DELETE	/register?page=2&q=search+term&sort=price_desc	200
GET	/products/category/clothing	200
GET	/api/users	200
GET	/search	200
GET	/about	200
GET	/register	404
POST	/api/users?sort=price_desc&page=2	302
DELETE	/home?category=electronics	200
POST	/search?q=search+term	304
PUT	/checkout	500
PUT	/home	200
GET	/login	200
GET	/checkout	500
GET	/products/category/clothing	403
PUT	/api/users	404
POST	/services?category=electronics	404
GET	/?page=2	404
GET	/products/category/clothing	403
POST	/home?q=search+term	403
GET	/checkout?page=2	500
GET	/checkout?sort=price_desc&category=electronics&limit=20	403
POST	/api/users	400
POST	/services?category=electronics&page=2	304
PUT	/products?sort=price_desc	200
DELETE	/search	302
PUT	/home	301
DELETE	/home	304
DELETE	/login	500
PUT	/register?sort=price_desc&page=2	200
GET	/services	404
DELETE	/login	200
POST	/services?sort=price_desc&page=2&q=search+term	200
DELETE	/api/users?page=2&category=electronics&sort=price_desc	302
DELETE	/products	301
GET	/blog	403
DELETE	/products/category/electronics	404
GET	/services	500
POST	/services	302
GET	/checkout	304
GET	/blog?sort=price_desc	302
GET	/about?sort=price_desc	500
GET	/api/users	304
GET	/blog	200
GET	/home?sort=price_desc	302
GET	/login	200
PUT	/api/users	200
POST	/login	302
POST	/cart?page=2&category=electronics	304
DELETE	/products	404
GET	/cart	301
GET	/home	200
DELETE	/products	200
GET	/register	400
GET	/products/category/clothing	200
GET	/products	404
DELETE	/contact	403
GET	/api/users	400
POST	/search	500
GET	/checkout?page=2&q=search+term	301
GET	/blog?q=search+term&limit=20&sort=price_desc	500
POST	/register	200
GET	/services	500
PUT	/api/users	400
PUT	/register	500
GET	/login	400
DELETE	/products/category/electronics?sort=price_desc	304
PUT	/home?category=electronics&page=2&sort=price_desc	301
PUT	/blog	403
GET	/search?sort=price_desc&category=electronics&page=2	200
POST	/products/category/electronics	403
PUT	/api/users	403
GET	/login?page=2&category=electronics&sort=price_desc	404
GET	/	500
GET	/services?page=2&category=electronics&limit=20	200
GET	/home	304
GET	/home	200
GET	/?q=search+term&sort=price_desc	404
DELETE	/search?q=search+term&sort=price_desc&page=2	200
GET	/products	302
POST	/blog	301
DELETE	/search	400
DELETE	/products/category/electronics	500
GET	/services	400
POST	/products/category/electronics	200
PUT	/home	302
GET	/search	500
GET	/products/category/electronics	301
GET	/search?page=2	200
PUT	/services?limit=20&sort=price_desc&q=search+term	404
GET	/services	500
GET	/about	400
GET	/products?sort=price_desc	404
GET	/products/category/electronics	304
GET	/checkout	500
DELETE	/products	302
GET	/products/category/clothing	404
DELETE	/contact	200
DELETE	/contact	302
GET	/api/users?page=2&q=search+term&sort=price_desc	403
GET	/about	403
GET	/search	200
POST	/	200
PUT	/products/category/electronics	304
PUT	/register	200
GET	/about?q=search+term&page=2&category=electronics	403
POST	/products/category/electronics	301
POST	/search	500
GET	/register	302
POST	/contact	400
GET	/api/users	404
DELETE	/products/category/electronics	200
PUT	/products	200
DELETE	/cart?sort=price_desc	301
DELETE	/register	302
POST	/register	200
PUT	/search	302
PUT	/api/users	403
GET	/contact	302
GET	/register	404
GET	/search	403
PUT	/products/category/clothing?sort=price_desc&page=2	403
GET	/services	301
POST	/products/category/electronics?sort=price_desc	400
PUT	/cart	301
GET	/products	200
GET	/about	500
PUT	/about	301
PUT	/products	400
PUT	/search?q=search+term&category=electronics	500
GET	/cart	200
DELETE	/	304
PUT	/services	200
POST	/search?limit=20&sort=price_desc&page=2	301
GET	/services	304
PUT	/contact	200
GET	/login	400
PUT	/?sort=price_desc&q=search+term	302
GET	/products?sort=price_desc&page=2	500
GET	/login	200
GET	/home	200
PUT	/register	500
DELETE	/about	304
GET	/login	400
DELETE	/search	400
POST	/login	200
GET	/products	404
GET	/about	500
PUT	/products/category/electronics	404
GET	/about	304
DELETE	/home?page=2&sort=price_desc&category=electronics	200
GET	/services	302
PUT	/home	200
GET	/services	200
GET	/cart?category=electronics&sort=price_desc	500
GET	/home	301
GET	/services	302
GET	/home	200
GET	/blog	200
GET	/search	500
GET	/login	404
GET	/blog	200
PUT	/?page=2&sort=price_desc&limit=20	500
PUT	/contact	400
PUT	/about	400
GET	/services?category=electronics&q=search+term	200
POST	/register?category=electronics	301
POST	/products/category/clothing	403
POST	/search?sort=price_desc	404
DELETE	/about	200
GET	/about	404
GET	/cart	301
GET	/api/users?category=electronics&limit=20	304
GET	/products/category/clothing	200
DELETE	/about	500
GET	/register	403
PUT	/products	200
GET	/products	304
PUT	/about?page=2&sort=price_desc	301
PUT	/	403
DELETE	/about	400
GET	/blog?sort=price_desc	404
PUT	/cart	301
DELETE	/	403
GET	/register	400
PUT	/products/category/clothing	200
POST	/home	200
GET	/contact	200
POST	/products/category/clothing	302
GET	/login	301
GET	/products?sort=price_desc&category=electronics&q=search+term	200
GET	/about?page=2&sort=price_desc&q=search+term	302
DELETE	/login?category=electronics&q=search+term	404
GET	/products	500
DELETE	/cart	304
DELETE	/products/category/clothing	200
PUT	/products	301
PUT	/products/category/clothing	302
DELETE	/login?limit=20&page=2	301
GET	/register	404
PUT	/contact	404
PUT	/contact	302
PUT	/services?sort=price_desc&q=search+term	301
GET	/products/category/clothing	403
DELETE	/products	200
GET	/api/users	403
GET	/?page=2	403
GET	/register?sort=price_desc	404
GET	/	301
GET	/search	301
PUT	/home	302
PUT	/products/category/clothing	403
DELETE	/	301
GET	/home	200
DELETE	/products	400
PUT	/blog?limit=20	302
GET	/search?category=electronics&page=2&sort=price_desc	301
PUT	/checkout?sort=price_desc&page=2&category=electronics	500
GET	/contact?limit=20&page=2	404
POST	/about	304
DELETE	/services	200
GET	/products/category/electronics	200
GET	/cart	404
GET	/login	400
POST	/contact?page=2&sort=price_desc&q=search+term	404
GET	/checkout?page=2&q=search+term&category=electronics	404
DELETE	/?sort=price_desc&limit=20	400
POST	/home	404
GET	/blog?page=2	404
PUT	/contact	200
GET	/register	404
DELETE	/services	304
GET	/blog	200
GET	/contact	200
DELETE	/about	302
GET	/register	304
GET	/blog?page=2&category=electronics&sort=price_desc	200
